2024-03-29 19:41:55,211 [main] INFO nopCommerce - **************** Launching Browser *********************
2024-03-29 19:41:56,594 [main] INFO nopCommerce - ***************** Providing Credentials **********************
2024-03-29 19:41:59,029 [main] INFO nopCommerce - ***************** Started Login **********************
2024-03-29 19:42:02,331 [main] INFO nopCommerce - ***************** Viewed Dashboard Page **********************
2024-03-29 19:42:11,523 [main] INFO nopCommerce - ***************** Adding customer data **********************
2024-03-29 19:42:26,985 [main] INFO nopCommerce - ***************** Saving Customer **********************
2024-03-29 19:42:31,330 [main] INFO nopCommerce - ***************** Customer Added Successfully **********************
2024-03-29 19:42:31,361 [main] INFO nopCommerce - ***************** Closing Browser **********************
2024-03-29 19:42:34,469 [main] INFO nopCommerce - **************** Launching Browser *********************
2024-03-29 19:42:35,833 [main] INFO nopCommerce - ***************** Providing Credentials **********************
2024-03-29 19:42:38,178 [main] INFO nopCommerce - ***************** Started Login **********************
2024-03-29 19:42:42,209 [main] INFO nopCommerce - ***************** Viewed Dashboard Page **********************
2024-03-29 19:42:49,062 [main] INFO nopCommerce - ***************** Clicked on Search Button **********************
2024-03-29 19:42:51,332 [main] INFO nopCommerce - ***************** Closing Browser **********************
2024-03-29 19:42:54,407 [main] INFO nopCommerce - **************** Launching Browser *********************
2024-03-29 19:42:56,051 [main] INFO nopCommerce - ***************** Providing Credentials **********************
2024-03-29 19:42:58,573 [main] INFO nopCommerce - ***************** Started Login **********************
2024-03-29 19:43:04,833 [main] INFO nopCommerce - ***************** Viewed Dashboard Page **********************
2024-03-29 19:43:13,085 [main] INFO nopCommerce - ***************** Clicked on Search Button **********************
2024-03-29 19:43:15,484 [main] INFO nopCommerce - ***************** Closing Browser **********************
2024-03-29 19:43:18,473 [main] INFO nopCommerce - **************** Launching Browser *********************
2024-03-29 19:43:19,890 [main] INFO nopCommerce - ***************** Providing Credentials **********************
2024-03-29 19:43:22,556 [main] INFO nopCommerce - ***************** Started Login **********************
2024-03-29 19:43:26,133 [main] INFO nopCommerce - ***************** Login Passed **********************
2024-03-29 19:43:27,776 [main] INFO nopCommerce - ***************** logging Out **********************
2024-03-29 19:43:30,845 [main] INFO nopCommerce - ***************** Login Passed **********************
2024-03-29 19:43:30,846 [main] INFO nopCommerce - ***************** Closing Browser **********************
2024-03-29 19:43:33,646 [main] INFO nopCommerce - **************** Launching Browser *********************
2024-03-29 19:43:35,125 [main] INFO nopCommerce - ***************** Providing Credentials **********************
2024-03-29 19:43:37,544 [main] INFO nopCommerce - ***************** Started Login **********************
2024-03-29 19:43:40,831 [main] INFO nopCommerce - ***************** Login Passed **********************
2024-03-29 19:43:42,295 [main] INFO nopCommerce - ***************** logging Out **********************
2024-03-29 19:43:45,333 [main] INFO nopCommerce - ***************** Login Passed **********************
2024-03-29 19:43:45,335 [main] INFO nopCommerce - ***************** Closing Browser **********************
2024-03-29 19:43:48,104 [main] INFO nopCommerce - **************** Launching Browser *********************
2024-03-29 19:43:49,478 [main] INFO nopCommerce - ***************** Providing Credentials **********************
2024-03-29 19:43:51,975 [main] INFO nopCommerce - ***************** Started Login **********************
2024-03-29 19:43:52,641 [main] INFO nopCommerce - ***************** Login Failed **********************
2024-03-29 21:12:23,429 [main] INFO nopCommerce - **************** Launching Browser *********************
2024-03-29 21:12:25,318 [main] INFO nopCommerce - ***************** Providing Credentials **********************
2024-03-29 21:12:27,490 [main] INFO nopCommerce - ***************** Started Login **********************
2024-03-29 21:12:31,154 [main] INFO nopCommerce - ***************** Viewed Dashboard Page **********************
2024-03-29 21:12:41,060 [main] INFO nopCommerce - ***************** Adding customer data **********************
2024-03-29 21:12:56,724 [main] INFO nopCommerce - ***************** Saving Customer **********************
2024-03-29 21:13:02,662 [main] INFO nopCommerce - ***************** Customer Added Successfully **********************
2024-03-29 21:13:02,663 [main] INFO nopCommerce - ***************** Closing Browser **********************
2024-03-29 21:13:14,842 [main] INFO nopCommerce - **************** Launching Browser *********************
2024-03-29 21:13:16,041 [main] INFO nopCommerce - ***************** Providing Credentials **********************
2024-03-29 21:13:18,242 [main] INFO nopCommerce - ***************** Started Login **********************
2024-03-29 21:13:20,755 [main] INFO nopCommerce - ***************** Viewed Dashboard Page **********************
2024-03-29 21:13:27,160 [main] INFO nopCommerce - ***************** Clicked on Search Button **********************
2024-03-29 21:13:30,030 [main] INFO nopCommerce - ***************** Closing Browser **********************
2024-03-29 21:13:45,262 [main] INFO nopCommerce - **************** Launching Browser *********************
2024-03-29 21:13:46,661 [main] INFO nopCommerce - ***************** Providing Credentials **********************
2024-03-29 21:13:48,816 [main] INFO nopCommerce - ***************** Started Login **********************
2024-03-29 21:13:52,238 [main] INFO nopCommerce - ***************** Viewed Dashboard Page **********************
2024-03-29 21:13:58,600 [main] INFO nopCommerce - ***************** Clicked on Search Button **********************
2024-03-29 21:14:01,517 [main] INFO nopCommerce - ***************** Closing Browser **********************
2024-03-29 21:14:08,090 [main] INFO nopCommerce - **************** Launching Browser *********************
2024-03-29 21:14:09,574 [main] INFO nopCommerce - ***************** Providing Credentials **********************
2024-03-29 21:14:11,954 [main] INFO nopCommerce - ***************** Started Login **********************
2024-03-29 21:14:15,132 [main] INFO nopCommerce - ***************** Login Passed **********************
2024-03-29 21:14:23,392 [main] INFO nopCommerce - **************** Launching Browser *********************
2024-03-29 21:14:24,197 [main] INFO nopCommerce - ***************** Providing Credentials **********************
2024-03-29 21:14:26,709 [main] INFO nopCommerce - ***************** Started Login **********************
2024-03-29 21:14:29,736 [main] INFO nopCommerce - ***************** Login Passed **********************
2024-03-29 21:14:38,683 [main] INFO nopCommerce - **************** Launching Browser *********************
2024-03-29 21:14:40,280 [main] INFO nopCommerce - ***************** Providing Credentials **********************
2024-03-29 21:14:42,775 [main] INFO nopCommerce - ***************** Started Login **********************
2024-03-29 21:15:02,111 [main] INFO nopCommerce - ***************** Login Failed **********************
2024-03-29 21:16:59,358 [main] INFO nopCommerce - **************** Launching Browser *********************
2024-03-29 21:17:00,941 [main] INFO nopCommerce - ***************** Providing Credentials **********************
2024-03-29 21:17:03,382 [main] INFO nopCommerce - ***************** Started Login **********************
2024-03-29 21:17:05,837 [main] INFO nopCommerce - ***************** Viewed Dashboard Page **********************
2024-03-29 21:17:15,661 [main] INFO nopCommerce - ***************** Adding customer data **********************
2024-03-29 21:17:31,169 [main] INFO nopCommerce - ***************** Saving Customer **********************
2024-03-29 21:17:35,796 [main] INFO nopCommerce - ***************** Customer Added Successfully **********************
2024-03-29 21:17:35,798 [main] INFO nopCommerce - ***************** Closing Browser **********************
2024-03-29 21:17:46,522 [main] INFO nopCommerce - **************** Launching Browser *********************
2024-03-29 21:17:48,071 [main] INFO nopCommerce - ***************** Providing Credentials **********************
2024-03-29 21:17:50,486 [main] INFO nopCommerce - ***************** Started Login **********************
2024-03-29 21:17:53,018 [main] INFO nopCommerce - ***************** Viewed Dashboard Page **********************
2024-03-29 21:17:59,905 [main] INFO nopCommerce - ***************** Clicked on Search Button **********************
2024-03-29 21:18:02,878 [main] INFO nopCommerce - ***************** Closing Browser **********************
2024-03-29 21:18:24,649 [main] INFO nopCommerce - **************** Launching Browser *********************
2024-03-29 21:18:26,058 [main] INFO nopCommerce - ***************** Providing Credentials **********************
2024-03-29 21:18:28,433 [main] INFO nopCommerce - ***************** Started Login **********************
2024-03-29 21:18:30,927 [main] INFO nopCommerce - ***************** Viewed Dashboard Page **********************
2024-03-29 21:18:37,178 [main] INFO nopCommerce - ***************** Clicked on Search Button **********************
2024-03-29 21:18:40,215 [main] INFO nopCommerce - ***************** Closing Browser **********************
2024-03-29 21:18:58,812 [main] INFO nopCommerce - **************** Launching Browser *********************
2024-03-29 21:19:00,307 [main] INFO nopCommerce - ***************** Providing Credentials **********************
2024-03-29 21:19:02,688 [main] INFO nopCommerce - ***************** Started Login **********************
2024-03-29 21:19:05,680 [main] INFO nopCommerce - ***************** Login Passed **********************
2024-03-29 21:19:28,357 [main] INFO nopCommerce - **************** Launching Browser *********************
2024-03-29 21:19:29,742 [main] INFO nopCommerce - ***************** Providing Credentials **********************
2024-03-29 21:19:31,979 [main] INFO nopCommerce - ***************** Started Login **********************
2024-03-29 21:19:36,056 [main] INFO nopCommerce - ***************** Login Passed **********************
2024-03-29 21:21:22,629 [main] INFO nopCommerce - **************** Launching Browser *********************
2024-03-29 21:21:24,099 [main] INFO nopCommerce - ***************** Providing Credentials **********************
2024-03-29 21:21:26,518 [main] INFO nopCommerce - ***************** Started Login **********************
2024-03-29 21:21:28,694 [main] INFO nopCommerce - ***************** Viewed Dashboard Page **********************
2024-03-29 21:21:37,205 [main] INFO nopCommerce - ***************** Adding customer data **********************
2024-03-29 21:21:52,754 [main] INFO nopCommerce - ***************** Saving Customer **********************
2024-03-29 21:21:56,818 [main] INFO nopCommerce - ***************** Customer Added Successfully **********************
2024-03-29 21:21:56,819 [main] INFO nopCommerce - ***************** Closing Browser **********************
2024-03-29 21:22:19,457 [main] INFO nopCommerce - **************** Launching Browser *********************
2024-03-29 21:22:21,029 [main] INFO nopCommerce - ***************** Providing Credentials **********************
2024-03-29 21:22:23,385 [main] INFO nopCommerce - ***************** Started Login **********************
2024-03-29 21:22:25,628 [main] INFO nopCommerce - ***************** Viewed Dashboard Page **********************
2024-03-29 21:22:31,916 [main] INFO nopCommerce - ***************** Clicked on Search Button **********************
2024-03-29 21:22:34,917 [main] INFO nopCommerce - ***************** Closing Browser **********************
2024-03-29 21:22:45,757 [main] INFO nopCommerce - **************** Launching Browser *********************
2024-03-29 21:22:47,433 [main] INFO nopCommerce - ***************** Providing Credentials **********************
2024-03-29 21:22:49,833 [main] INFO nopCommerce - ***************** Started Login **********************
2024-03-29 21:22:52,359 [main] INFO nopCommerce - ***************** Viewed Dashboard Page **********************
2024-03-29 21:22:58,618 [main] INFO nopCommerce - ***************** Clicked on Search Button **********************
2024-03-29 21:23:01,627 [main] INFO nopCommerce - ***************** Closing Browser **********************
2024-03-29 21:23:22,855 [main] INFO nopCommerce - **************** Launching Browser *********************
2024-03-29 21:23:24,114 [main] INFO nopCommerce - ***************** Providing Credentials **********************
2024-03-29 21:23:26,296 [main] INFO nopCommerce - ***************** Started Login **********************
2024-03-29 21:23:29,290 [main] INFO nopCommerce - ***************** Login Passed **********************
2024-03-29 21:23:32,530 [main] INFO nopCommerce - ***************** logging Out **********************
2024-03-29 21:23:34,552 [main] INFO nopCommerce - ***************** Login Passed **********************
2024-03-29 21:23:34,553 [main] INFO nopCommerce - ***************** Closing Browser **********************
2024-03-29 21:23:53,098 [main] INFO nopCommerce - **************** Launching Browser *********************
2024-03-29 21:23:54,354 [main] INFO nopCommerce - ***************** Providing Credentials **********************
2024-03-29 21:23:56,533 [main] INFO nopCommerce - ***************** Started Login **********************
2024-03-29 21:23:59,503 [main] INFO nopCommerce - ***************** Login Passed **********************
2024-03-29 21:24:02,869 [main] INFO nopCommerce - ***************** logging Out **********************
2024-03-29 21:24:04,905 [main] INFO nopCommerce - ***************** Login Passed **********************
2024-03-29 21:24:04,906 [main] INFO nopCommerce - ***************** Closing Browser **********************
2024-03-29 21:24:23,908 [main] INFO nopCommerce - **************** Launching Browser *********************
2024-03-29 21:24:25,433 [main] INFO nopCommerce - ***************** Providing Credentials **********************
2024-03-29 21:24:27,808 [main] INFO nopCommerce - ***************** Started Login **********************
2024-03-29 21:24:30,442 [main] INFO nopCommerce - ***************** Login Failed **********************
2024-03-29 21:30:43,116 [main] INFO nopCommerce - **************** Launching Browser *********************
2024-03-29 21:30:44,493 [main] INFO nopCommerce - ***************** Providing Credentials **********************
2024-03-29 21:30:46,695 [main] INFO nopCommerce - ***************** Started Login **********************
2024-03-29 21:30:50,935 [main] INFO nopCommerce - ***************** Viewed Dashboard Page **********************
2024-03-29 21:31:02,427 [main] INFO nopCommerce - ***************** Adding customer data **********************
2024-03-29 21:31:18,042 [main] INFO nopCommerce - ***************** Saving Customer **********************
2024-03-29 21:31:22,099 [main] INFO nopCommerce - ***************** Customer Added Successfully **********************
2024-03-29 21:31:22,100 [main] INFO nopCommerce - ***************** Closing Browser **********************
2024-03-29 21:31:26,979 [main] INFO nopCommerce - **************** Launching Browser *********************
2024-03-29 21:31:28,215 [main] INFO nopCommerce - ***************** Providing Credentials **********************
2024-03-29 21:31:30,389 [main] INFO nopCommerce - ***************** Started Login **********************
2024-03-29 21:31:33,938 [main] INFO nopCommerce - ***************** Login Passed **********************
2024-03-29 21:31:37,207 [main] INFO nopCommerce - ***************** logging Out **********************
2024-03-29 21:31:39,229 [main] INFO nopCommerce - ***************** Login Passed **********************
2024-03-29 21:31:39,230 [main] INFO nopCommerce - ***************** Closing Browser **********************
2024-03-29 21:33:07,819 [main] INFO nopCommerce - **************** Launching Browser *********************
2024-03-29 21:33:09,063 [main] INFO nopCommerce - ***************** Providing Credentials **********************
2024-03-29 21:33:11,245 [main] INFO nopCommerce - ***************** Started Login **********************
2024-03-29 21:33:12,713 [main] INFO nopCommerce - ***************** Viewed Dashboard Page **********************
2024-03-29 21:33:18,901 [main] INFO nopCommerce - ***************** Clicked on Search Button **********************
2024-03-29 21:33:21,778 [main] INFO nopCommerce - ***************** Closing Browser **********************
2024-03-29 21:33:28,368 [main] INFO nopCommerce - **************** Launching Browser *********************
2024-03-29 21:33:29,723 [main] INFO nopCommerce - ***************** Providing Credentials **********************
2024-03-29 21:33:31,936 [main] INFO nopCommerce - ***************** Started Login **********************
2024-03-29 21:33:34,438 [main] INFO nopCommerce - ***************** Viewed Dashboard Page **********************
2024-03-29 21:33:40,794 [main] INFO nopCommerce - ***************** Clicked on Search Button **********************
2024-03-29 21:33:43,724 [main] INFO nopCommerce - ***************** Closing Browser **********************
2024-03-29 21:33:57,600 [main] INFO nopCommerce - **************** Launching Browser *********************
2024-03-29 21:33:59,030 [main] INFO nopCommerce - ***************** Providing Credentials **********************
2024-03-29 21:34:01,375 [main] INFO nopCommerce - ***************** Started Login **********************
2024-03-29 21:34:03,819 [main] INFO nopCommerce - ***************** Login Passed **********************
2024-03-29 21:34:07,112 [main] INFO nopCommerce - ***************** logging Out **********************
2024-03-29 21:34:09,129 [main] INFO nopCommerce - ***************** Login Passed **********************
2024-03-29 21:34:09,129 [main] INFO nopCommerce - ***************** Closing Browser **********************
2024-03-29 21:34:23,441 [main] INFO nopCommerce - **************** Launching Browser *********************
2024-03-29 21:34:24,938 [main] INFO nopCommerce - ***************** Providing Credentials **********************
2024-03-29 21:34:27,649 [main] INFO nopCommerce - ***************** Started Login **********************
2024-03-29 21:34:29,925 [main] INFO nopCommerce - ***************** Login Failed **********************
2024-03-29 21:43:33,683 [main] INFO nopCommerce - **************** Launching Browser *********************
2024-03-29 21:43:35,609 [main] INFO nopCommerce - ***************** Providing Credentials **********************
2024-03-29 21:43:37,806 [main] INFO nopCommerce - ***************** Started Login **********************
2024-03-29 21:43:40,148 [main] INFO nopCommerce - ***************** Viewed Dashboard Page **********************
2024-03-29 21:43:46,294 [main] INFO nopCommerce - ***************** Clicked on Search Button **********************
2024-03-29 21:43:49,232 [main] INFO nopCommerce - ***************** Closing Browser **********************
2024-03-29 21:43:59,697 [main] INFO nopCommerce - **************** Launching Browser *********************
2024-03-29 21:44:00,959 [main] INFO nopCommerce - ***************** Providing Credentials **********************
2024-03-29 21:44:03,119 [main] INFO nopCommerce - ***************** Started Login **********************
2024-03-29 21:44:05,434 [main] INFO nopCommerce - ***************** Viewed Dashboard Page **********************
2024-03-29 21:44:11,664 [main] INFO nopCommerce - ***************** Clicked on Search Button **********************
2024-03-29 21:44:14,601 [main] INFO nopCommerce - ***************** Closing Browser **********************
2024-03-29 21:44:27,834 [main] INFO nopCommerce - **************** Launching Browser *********************
2024-03-29 21:44:29,101 [main] INFO nopCommerce - ***************** Providing Credentials **********************
2024-03-29 21:44:31,297 [main] INFO nopCommerce - ***************** Started Login **********************
2024-03-29 21:44:33,785 [main] INFO nopCommerce - ***************** Login Passed **********************
2024-03-29 21:44:37,097 [main] INFO nopCommerce - ***************** logging Out **********************
2024-03-29 21:44:39,124 [main] INFO nopCommerce - ***************** Login Passed **********************
2024-03-29 21:44:39,126 [main] INFO nopCommerce - ***************** Closing Browser **********************
2024-03-29 21:44:43,468 [main] INFO nopCommerce - **************** Launching Browser *********************
2024-03-29 21:44:44,756 [main] INFO nopCommerce - ***************** Providing Credentials **********************
2024-03-29 21:44:47,008 [main] INFO nopCommerce - ***************** Started Login **********************
2024-03-29 21:44:49,324 [main] INFO nopCommerce - ***************** Login Failed **********************
2024-03-29 21:46:09,311 [main] INFO nopCommerce - **************** Launching Browser *********************
2024-03-29 21:46:10,846 [main] INFO nopCommerce - ***************** Providing Credentials **********************
2024-03-29 21:46:12,967 [main] INFO nopCommerce - ***************** Started Login **********************
2024-03-29 21:46:15,219 [main] INFO nopCommerce - ***************** Viewed Dashboard Page **********************
2024-03-29 21:46:24,876 [main] INFO nopCommerce - ***************** Adding customer data **********************
2024-03-29 21:46:40,496 [main] INFO nopCommerce - ***************** Saving Customer **********************
2024-03-29 21:46:44,569 [main] INFO nopCommerce - ***************** Customer Added Successfully **********************
2024-03-29 21:46:44,570 [main] INFO nopCommerce - ***************** Closing Browser **********************
2024-03-29 21:46:56,631 [main] INFO nopCommerce - **************** Launching Browser *********************
2024-03-29 21:46:57,199 [main] INFO nopCommerce - ***************** Providing Credentials **********************
2024-03-29 21:46:59,340 [main] INFO nopCommerce - ***************** Started Login **********************
2024-03-29 21:47:01,678 [main] INFO nopCommerce - ***************** Viewed Dashboard Page **********************
2024-03-29 21:47:08,134 [main] INFO nopCommerce - ***************** Clicked on Search Button **********************
2024-03-29 21:47:11,061 [main] INFO nopCommerce - ***************** Closing Browser **********************
2024-03-29 21:47:15,540 [main] INFO nopCommerce - **************** Launching Browser *********************
2024-03-29 21:47:16,817 [main] INFO nopCommerce - ***************** Providing Credentials **********************
2024-03-29 21:47:19,033 [main] INFO nopCommerce - ***************** Started Login **********************
2024-03-29 21:47:21,519 [main] INFO nopCommerce - ***************** Viewed Dashboard Page **********************
2024-03-29 21:47:27,916 [main] INFO nopCommerce - ***************** Clicked on Search Button **********************
2024-03-29 21:47:30,831 [main] INFO nopCommerce - ***************** Closing Browser **********************
2024-03-29 21:47:46,450 [main] INFO nopCommerce - **************** Launching Browser *********************
2024-03-29 21:47:47,744 [main] INFO nopCommerce - ***************** Providing Credentials **********************
2024-03-29 21:47:49,924 [main] INFO nopCommerce - ***************** Started Login **********************
2024-03-29 21:47:52,384 [main] INFO nopCommerce - ***************** Login Passed **********************
2024-03-29 21:47:57,250 [main] INFO nopCommerce - ***************** logging Out **********************
2024-03-29 21:47:59,273 [main] INFO nopCommerce - ***************** Login Passed **********************
2024-03-29 21:47:59,275 [main] INFO nopCommerce - ***************** Closing Browser **********************
2024-03-29 21:48:13,123 [main] INFO nopCommerce - **************** Launching Browser *********************
2024-03-29 21:48:14,424 [main] INFO nopCommerce - ***************** Providing Credentials **********************
2024-03-29 21:48:16,556 [main] INFO nopCommerce - ***************** Started Login **********************
2024-03-29 21:48:18,963 [main] INFO nopCommerce - ***************** Login Passed **********************
2024-03-29 21:48:22,191 [main] INFO nopCommerce - ***************** logging Out **********************
2024-03-29 21:48:24,213 [main] INFO nopCommerce - ***************** Login Passed **********************
2024-03-29 21:48:24,214 [main] INFO nopCommerce - ***************** Closing Browser **********************
2024-03-29 21:48:32,289 [main] INFO nopCommerce - **************** Launching Browser *********************
2024-03-29 21:48:33,725 [main] INFO nopCommerce - ***************** Providing Credentials **********************
2024-03-29 21:48:36,148 [main] INFO nopCommerce - ***************** Started Login **********************
2024-03-29 21:48:38,843 [main] INFO nopCommerce - ***************** Login Failed **********************
2024-03-29 21:51:32,287 [main] INFO nopCommerce - **************** Launching Browser *********************
2024-03-29 21:51:33,729 [main] INFO nopCommerce - ***************** Providing Credentials **********************
2024-03-29 21:51:35,907 [main] INFO nopCommerce - ***************** Started Login **********************
2024-03-29 21:51:38,535 [main] INFO nopCommerce - ***************** Login Passed **********************
2024-03-29 21:51:41,779 [main] INFO nopCommerce - ***************** logging Out **********************
2024-03-29 21:51:43,810 [main] INFO nopCommerce - ***************** Login Passed **********************
2024-03-29 21:51:43,811 [main] INFO nopCommerce - ***************** Closing Browser **********************
2024-03-31 21:51:09,496 [main] INFO nopCommerce - **************** Launching Browser *********************
2024-03-31 21:51:11,379 [main] INFO nopCommerce - ***************** Providing Credentials **********************
2024-03-31 21:51:14,357 [main] INFO nopCommerce - ***************** Started Login **********************
2024-03-31 21:51:18,607 [main] INFO nopCommerce - ***************** Login Passed **********************
2024-03-31 21:51:22,305 [main] INFO nopCommerce - ***************** logging Out **********************
2024-03-31 21:51:24,339 [main] INFO nopCommerce - ***************** Login Passed **********************
2024-03-31 21:51:24,341 [main] INFO nopCommerce - ***************** Closing Browser **********************
2024-03-31 21:55:26,911 [main] INFO nopCommerce - **************** Launching Browser *********************
2024-03-31 21:55:28,518 [main] INFO nopCommerce - ***************** Providing Credentials **********************
2024-03-31 21:55:31,195 [main] INFO nopCommerce - ***************** Started Login **********************
2024-03-31 21:55:34,032 [main] INFO nopCommerce - ***************** Login Passed **********************
2024-03-31 21:55:37,545 [main] INFO nopCommerce - ***************** logging Out **********************
2024-03-31 21:55:39,567 [main] INFO nopCommerce - ***************** Login Passed **********************
2024-03-31 21:55:39,568 [main] INFO nopCommerce - ***************** Closing Browser **********************
2024-03-31 21:56:39,297 [main] INFO nopCommerce - **************** Launching Browser *********************
2024-03-31 21:56:40,918 [main] INFO nopCommerce - ***************** Providing Credentials **********************
2024-03-31 21:56:43,603 [main] INFO nopCommerce - ***************** Started Login **********************
2024-03-31 21:56:46,722 [main] INFO nopCommerce - ***************** Viewed Dashboard Page **********************
2024-03-31 21:56:56,506 [main] INFO nopCommerce - ***************** Adding customer data **********************
2024-03-31 21:57:10,858 [main] INFO nopCommerce - ***************** Saving Customer **********************
2024-03-31 21:57:14,856 [main] INFO nopCommerce - ***************** Customer Added Successfully **********************
2024-03-31 21:57:14,857 [main] INFO nopCommerce - ***************** Closing Browser **********************
2024-03-31 21:57:17,375 [main] INFO nopCommerce - **************** Launching Browser *********************
2024-03-31 21:57:18,138 [main] INFO nopCommerce - ***************** Providing Credentials **********************
2024-03-31 21:57:20,750 [main] INFO nopCommerce - ***************** Started Login **********************
2024-03-31 21:57:23,498 [main] INFO nopCommerce - ***************** Viewed Dashboard Page **********************
2024-03-31 21:57:32,510 [main] INFO nopCommerce - ***************** Clicked on Search Button **********************
2024-03-31 21:57:34,827 [main] INFO nopCommerce - ***************** Closing Browser **********************
2024-03-31 21:57:37,007 [main] INFO nopCommerce - **************** Launching Browser *********************
2024-03-31 21:57:38,475 [main] INFO nopCommerce - ***************** Providing Credentials **********************
2024-03-31 21:57:41,013 [main] INFO nopCommerce - ***************** Started Login **********************
2024-03-31 21:57:44,648 [main] INFO nopCommerce - ***************** Viewed Dashboard Page **********************
2024-03-31 21:57:52,268 [main] INFO nopCommerce - ***************** Clicked on Search Button **********************
2024-03-31 21:57:54,605 [main] INFO nopCommerce - ***************** Closing Browser **********************
2024-03-31 21:57:57,551 [main] INFO nopCommerce - **************** Launching Browser *********************
2024-03-31 21:57:58,303 [main] INFO nopCommerce - ***************** Providing Credentials **********************
2024-03-31 21:58:00,915 [main] INFO nopCommerce - ***************** Started Login **********************
2024-03-31 21:58:02,930 [main] INFO nopCommerce - ***************** Login Passed **********************
2024-03-31 21:58:06,381 [main] INFO nopCommerce - ***************** logging Out **********************
2024-03-31 21:58:08,420 [main] INFO nopCommerce - ***************** Login Passed **********************
2024-03-31 21:58:08,421 [main] INFO nopCommerce - ***************** Closing Browser **********************
2024-03-31 21:58:11,383 [main] INFO nopCommerce - **************** Launching Browser *********************
2024-03-31 21:58:13,043 [main] INFO nopCommerce - ***************** Providing Credentials **********************
2024-03-31 21:58:15,592 [main] INFO nopCommerce - ***************** Started Login **********************
2024-03-31 21:58:18,641 [main] INFO nopCommerce - ***************** Login Passed **********************
2024-03-31 21:58:22,036 [main] INFO nopCommerce - ***************** logging Out **********************
2024-03-31 21:58:24,068 [main] INFO nopCommerce - ***************** Login Passed **********************
2024-03-31 21:58:24,070 [main] INFO nopCommerce - ***************** Closing Browser **********************
2024-03-31 21:58:27,394 [main] INFO nopCommerce - **************** Launching Browser *********************
2024-03-31 21:58:29,785 [main] INFO nopCommerce - ***************** Providing Credentials **********************
2024-03-31 21:58:32,433 [main] INFO nopCommerce - ***************** Started Login **********************
2024-03-31 21:58:33,182 [main] INFO nopCommerce - ***************** Login Failed **********************
2024-03-31 22:03:20,808 [main] INFO nopCommerce - **************** Launching Browser *********************
2024-03-31 22:03:22,426 [main] INFO nopCommerce - ***************** Providing Credentials **********************
2024-03-31 22:03:25,035 [main] INFO nopCommerce - ***************** Started Login **********************
2024-03-31 22:03:28,443 [main] INFO nopCommerce - ***************** Viewed Dashboard Page **********************
2024-03-31 22:03:38,262 [main] INFO nopCommerce - ***************** Adding customer data **********************
2024-03-31 22:03:52,958 [main] INFO nopCommerce - ***************** Saving Customer **********************
2024-03-31 22:03:57,111 [main] INFO nopCommerce - ***************** Customer Added Successfully **********************
2024-03-31 22:03:57,114 [main] INFO nopCommerce - ***************** Closing Browser **********************
2024-03-31 22:04:00,170 [main] INFO nopCommerce - **************** Launching Browser *********************
2024-03-31 22:04:01,639 [main] INFO nopCommerce - ***************** Providing Credentials **********************
2024-03-31 22:04:04,359 [main] INFO nopCommerce - ***************** Started Login **********************
2024-03-31 22:04:07,394 [main] INFO nopCommerce - ***************** Viewed Dashboard Page **********************
2024-03-31 22:04:14,901 [main] INFO nopCommerce - ***************** Clicked on Search Button **********************
2024-03-31 22:04:17,195 [main] INFO nopCommerce - ***************** Closing Browser **********************
2024-03-31 22:04:19,989 [main] INFO nopCommerce - **************** Launching Browser *********************
2024-03-31 22:04:21,528 [main] INFO nopCommerce - ***************** Providing Credentials **********************
2024-03-31 22:04:24,096 [main] INFO nopCommerce - ***************** Started Login **********************
2024-03-31 22:04:26,980 [main] INFO nopCommerce - ***************** Viewed Dashboard Page **********************
2024-03-31 22:04:34,556 [main] INFO nopCommerce - ***************** Clicked on Search Button **********************
2024-03-31 22:04:36,942 [main] INFO nopCommerce - ***************** Closing Browser **********************
2024-03-31 22:04:39,983 [main] INFO nopCommerce - **************** Launching Browser *********************
2024-03-31 22:04:41,409 [main] INFO nopCommerce - ***************** Providing Credentials **********************
2024-03-31 22:04:43,965 [main] INFO nopCommerce - ***************** Started Login **********************
2024-03-31 22:04:46,794 [main] INFO nopCommerce - ***************** Login Passed **********************
2024-03-31 22:04:50,141 [main] INFO nopCommerce - ***************** logging Out **********************
2024-03-31 22:04:52,172 [main] INFO nopCommerce - ***************** Login Passed **********************
2024-03-31 22:04:52,173 [main] INFO nopCommerce - ***************** Closing Browser **********************
2024-03-31 22:04:54,969 [main] INFO nopCommerce - **************** Launching Browser *********************
2024-03-31 22:04:56,808 [main] INFO nopCommerce - ***************** Providing Credentials **********************
2024-03-31 22:04:59,391 [main] INFO nopCommerce - ***************** Started Login **********************
2024-03-31 22:05:02,985 [main] INFO nopCommerce - ***************** Login Passed **********************
2024-03-31 22:05:06,459 [main] INFO nopCommerce - ***************** logging Out **********************
2024-03-31 22:05:08,488 [main] INFO nopCommerce - ***************** Login Passed **********************
2024-03-31 22:05:08,491 [main] INFO nopCommerce - ***************** Closing Browser **********************
2024-03-31 22:05:11,687 [main] INFO nopCommerce - **************** Launching Browser *********************
2024-03-31 22:05:13,169 [main] INFO nopCommerce - ***************** Providing Credentials **********************
2024-03-31 22:05:15,794 [main] INFO nopCommerce - ***************** Started Login **********************
2024-03-31 22:05:16,577 [main] INFO nopCommerce - ***************** Login Failed **********************
2024-04-01 19:38:35,494 [main] INFO nopCommerce - **************** Launching Browser *********************
2024-04-01 19:38:37,324 [main] INFO nopCommerce - ***************** Providing Credentials **********************
2024-04-01 19:38:39,709 [main] INFO nopCommerce - ***************** Started Login **********************
2024-04-01 19:38:41,374 [main] INFO nopCommerce - ***************** Viewed Dashboard Page **********************
2024-04-01 19:38:51,055 [main] INFO nopCommerce - ***************** Adding customer data **********************
2024-04-01 19:38:54,513 [main] INFO nopCommerce - **************** Launching Browser *********************
2024-04-01 19:38:56,072 [main] INFO nopCommerce - ***************** Providing Credentials **********************
2024-04-01 19:38:58,585 [main] INFO nopCommerce - ***************** Started Login **********************
2024-04-01 19:39:02,322 [main] INFO nopCommerce - ***************** Viewed Dashboard Page **********************
2024-04-01 19:39:13,758 [main] INFO nopCommerce - ***************** Clicked on Search Button **********************
2024-04-01 19:39:16,617 [main] INFO nopCommerce - ***************** Closing Browser **********************
2024-04-01 19:39:20,079 [main] INFO nopCommerce - **************** Launching Browser *********************
2024-04-01 19:39:22,273 [main] INFO nopCommerce - ***************** Providing Credentials **********************
2024-04-01 19:39:25,437 [main] INFO nopCommerce - ***************** Started Login **********************
2024-04-01 19:39:27,414 [main] INFO nopCommerce - ***************** Viewed Dashboard Page **********************
2024-04-01 19:39:35,147 [main] INFO nopCommerce - ***************** Clicked on Search Button **********************
2024-04-01 19:39:37,475 [main] INFO nopCommerce - ***************** Closing Browser **********************
2024-04-01 19:39:40,693 [main] INFO nopCommerce - **************** Launching Browser *********************
2024-04-01 19:39:41,668 [main] INFO nopCommerce - ***************** Providing Credentials **********************
2024-04-01 19:39:44,292 [main] INFO nopCommerce - ***************** Started Login **********************
2024-04-01 19:39:48,094 [main] INFO nopCommerce - ***************** Login Passed **********************
2024-04-01 19:39:51,693 [main] INFO nopCommerce - ***************** logging Out **********************
2024-04-01 19:39:53,764 [main] INFO nopCommerce - ***************** Login Passed **********************
2024-04-01 19:39:53,766 [main] INFO nopCommerce - ***************** Closing Browser **********************
2024-04-01 19:39:59,567 [main] INFO nopCommerce - **************** Launching Browser *********************
2024-04-01 19:40:01,513 [main] INFO nopCommerce - ***************** Providing Credentials **********************
2024-04-01 19:40:03,951 [main] INFO nopCommerce - ***************** Started Login **********************
2024-04-01 19:40:07,732 [main] INFO nopCommerce - ***************** Login Passed **********************
2024-04-01 19:40:11,344 [main] INFO nopCommerce - ***************** logging Out **********************
2024-04-01 19:40:13,379 [main] INFO nopCommerce - ***************** Login Passed **********************
2024-04-01 19:40:13,382 [main] INFO nopCommerce - ***************** Closing Browser **********************
2024-04-01 19:40:16,798 [main] INFO nopCommerce - **************** Launching Browser *********************
2024-04-01 19:40:17,870 [main] INFO nopCommerce - ***************** Providing Credentials **********************
2024-04-01 19:40:20,523 [main] INFO nopCommerce - ***************** Started Login **********************
2024-04-01 19:40:21,389 [main] INFO nopCommerce - ***************** Login Failed **********************
